Build started 12/6/2011 4:58:49 PM.
     1>Project "C:\Users\Keith\documents\visual studio 2010\Projects\FaceRecognition\FaceRecognition\FaceRecognition.vcxproj" on node 2 (build target(s)).
     1>InitializeBuildStatus:
         Creating "Debug\FaceRecognition.unsuccessfulbuild" because "AlwaysCreate" was specified.
       ClCompile:
         c:\Program Files\Microsoft Visual Studio 10.0\VC\bin\CL.exe /c /ZI /nologo /W3 /WX- /Od /Oy- /D _MBCS /Gm /EHsc /RTC1 /MDd /GS /fp:precise /Zc:wchar_t /Zc:forScope /Fo"Debug\\" /Fd"Debug\vc100.pdb" /Gd /TP /analyze- /errorReport:prompt MainOld.cpp
         MainOld.cpp
     1>c:\dev\opencv\build\include\opencv2\flann\logger.h(66): warning C4996: 'fopen': This function or variable may be unsafe. Consider using fopen_s instead. To disable deprecation, use _CRT_SECURE_NO_WARNINGS. See online help for details.
                 c:\program files\microsoft visual studio 10.0\vc\include\stdio.h(234) : see declaration of 'fopen'
     1>c:\dev\opencv\build\include\opencv2\flann\flann.hpp(233): warning C4996: 'cv::flann::Index_<T>': was declared deprecated
                 c:\dev\opencv\build\include\opencv2\flann\flann.hpp(278) : see reference to class template instantiation 'cv::flann::Index_<T>' being compiled
     1>c:\dev\opencv\build\include\opencv2\legacy\blobtrack.hpp(187): warning C4996: 'strcpy': This function or variable may be unsafe. Consider using strcpy_s instead. To disable deprecation, use _CRT_SECURE_NO_WARNINGS. See online help for details.
                 c:\program files\microsoft visual studio 10.0\vc\include\string.h(105) : see declaration of 'strcpy'
     1>c:\dev\opencv\build\include\opencv2\legacy\blobtrack.hpp(256): warning C4996: 'strcat': This function or variable may be unsafe. Consider using strcat_s instead. To disable deprecation, use _CRT_SECURE_NO_WARNINGS. See online help for details.
                 c:\program files\microsoft visual studio 10.0\vc\include\string.h(110) : see declaration of 'strcat'
     1>c:\users\keith\documents\visual studio 2010\projects\facerecognition\facerecognition\mainold.cpp(146): warning C4101: 'p' : unreferenced local variable
     1>c:\users\keith\documents\visual studio 2010\projects\facerecognition\facerecognition\mainold.cpp(71): warning C4101: 'truth' : unreferenced local variable
     1>c:\users\keith\documents\visual studio 2010\projects\facerecognition\facerecognition\mainold.cpp(71): warning C4101: 'nearest' : unreferenced local variable
     1>c:\users\keith\documents\visual studio 2010\projects\facerecognition\facerecognition\mainold.cpp(217): warning C4101: 'i' : unreferenced local variable
     1>c:\users\keith\documents\visual studio 2010\projects\facerecognition\facerecognition\mainold.cpp(323): warning C4018: '<' : signed/unsigned mismatch
     1>c:\users\keith\documents\visual studio 2010\projects\facerecognition\facerecognition\mainold.cpp(346): warning C4996: 'fopen': This function or variable may be unsafe. Consider using fopen_s instead. To disable deprecation, use _CRT_SECURE_NO_WARNINGS. See online help for details.
                 c:\program files\microsoft visual studio 10.0\vc\include\stdio.h(234) : see declaration of 'fopen'
     1>c:\users\keith\documents\visual studio 2010\projects\facerecognition\facerecognition\mainold.cpp(363): warning C4996: 'fscanf': This function or variable may be unsafe. Consider using fscanf_s instead. To disable deprecation, use _CRT_SECURE_NO_WARNINGS. See online help for details.
                 c:\program files\microsoft visual studio 10.0\vc\include\stdio.h(253) : see declaration of 'fscanf'
     1>c:\users\keith\documents\visual studio 2010\projects\facerecognition\facerecognition\mainold.cpp(453): warning C4018: '<' : signed/unsigned mismatch
     1>c:\users\keith\documents\visual studio 2010\projects\facerecognition\facerecognition\mainold.cpp(454): warning C4018: '<' : signed/unsigned mismatch
     1>c:\users\keith\documents\visual studio 2010\projects\facerecognition\facerecognition\mainold.cpp(484): warning C4018: '<' : signed/unsigned mismatch
     1>c:\users\keith\documents\visual studio 2010\projects\facerecognition\facerecognition\mainold.cpp(525): warning C4244: 'initializing' : conversion from 'double' to 'int', possible loss of data
     1>c:\users\keith\documents\visual studio 2010\projects\facerecognition\facerecognition\mainold.cpp(526): warning C4244: 'initializing' : conversion from 'double' to 'int', possible loss of data
     1>c:\users\keith\documents\visual studio 2010\projects\facerecognition\facerecognition\mainold.cpp(527): warning C4244: 'initializing' : conversion from 'double' to 'int', possible loss of data
     1>c:\users\keith\documents\visual studio 2010\projects\facerecognition\facerecognition\mainold.cpp(528): warning C4244: 'initializing' : conversion from 'double' to 'int', possible loss of data
     1>c:\users\keith\documents\visual studio 2010\projects\facerecognition\facerecognition\mainold.cpp(537): warning C4018: '<' : signed/unsigned mismatch
     1>c:\users\keith\documents\visual studio 2010\projects\facerecognition\facerecognition\mainold.cpp(558): warning C4018: '<' : signed/unsigned mismatch
     1>c:\users\keith\documents\visual studio 2010\projects\facerecognition\facerecognition\mainold.cpp(562): warning C4018: '<' : signed/unsigned mismatch
     1>c:\users\keith\documents\visual studio 2010\projects\facerecognition\facerecognition\mainold.cpp(583): warning C4244: '=' : conversion from 'double' to 'float', possible loss of data
     1>c:\users\keith\documents\visual studio 2010\projects\facerecognition\facerecognition\mainold.cpp(593): warning C4018: '<' : signed/unsigned mismatch
     1>c:\users\keith\documents\visual studio 2010\projects\facerecognition\facerecognition\mainold.cpp(598): warning C4018: '<' : signed/unsigned mismatch
     1>c:\users\keith\documents\visual studio 2010\projects\facerecognition\facerecognition\mainold.cpp(624): warning C4244: 'initializing' : conversion from 'double' to 'int', possible loss of data
     1>c:\users\keith\documents\visual studio 2010\projects\facerecognition\facerecognition\mainold.cpp(625): warning C4244: 'initializing' : conversion from 'double' to 'int', possible loss of data
     1>c:\users\keith\documents\visual studio 2010\projects\facerecognition\facerecognition\mainold.cpp(626): warning C4244: 'initializing' : conversion from 'double' to 'int', possible loss of data
     1>c:\users\keith\documents\visual studio 2010\projects\facerecognition\facerecognition\mainold.cpp(627): warning C4244: 'initializing' : conversion from 'double' to 'int', possible loss of data
     1>c:\users\keith\documents\visual studio 2010\projects\facerecognition\facerecognition\mainold.cpp(634): warning C4244: 'initializing' : conversion from 'double' to 'int', possible loss of data
     1>c:\users\keith\documents\visual studio 2010\projects\facerecognition\facerecognition\mainold.cpp(635): warning C4244: 'initializing' : conversion from 'double' to 'int', possible loss of data
     1>c:\users\keith\documents\visual studio 2010\projects\facerecognition\facerecognition\mainold.cpp(636): warning C4244: 'initializing' : conversion from 'double' to 'int', possible loss of data
     1>c:\users\keith\documents\visual studio 2010\projects\facerecognition\facerecognition\mainold.cpp(637): warning C4244: 'initializing' : conversion from 'double' to 'int', possible loss of data
     1>c:\users\keith\documents\visual studio 2010\projects\facerecognition\facerecognition\mainold.cpp(659): warning C4244: 'initializing' : conversion from 'float' to 'int', possible loss of data
       Link:
         c:\Program Files\Microsoft Visual Studio 10.0\VC\bin\link.exe /ERRORREPORT:PROMPT /OUT:"C:\Users\Keith\documents\visual studio 2010\Projects\FaceRecognition\Debug\FaceRecognition.exe" /NOLOGO opencv_core231d.lib opencv_highgui231d.lib opencv_legacy231d.lib opencv_imgproc231d.lib opencv_objdetect231d.lib kernel32.lib user32.lib gdi32.lib winspool.lib comdlg32.lib advapi32.lib shell32.lib ole32.lib oleaut32.lib uuid.lib odbc32.lib odbccp32.lib /MANIFEST /ManifestFile:"Debug\FaceRecognition.exe.intermediate.manifest" /MANIFESTUAC:"level='asInvoker' uiAccess='false'" /DEBUG /PDB:"C:\Users\Keith\documents\visual studio 2010\Projects\FaceRecognition\Debug\FaceRecognition.pdb" /TLBID:1 /DYNAMICBASE /NXCOMPAT /IMPLIB:"C:\Users\Keith\documents\visual studio 2010\Projects\FaceRecognition\Debug\FaceRecognition.lib" /MACHINE:X86 Debug\Main.obj
         Debug\MainOld.obj
         Debug\Person.obj
         LINK : C:\Users\Keith\documents\visual studio 2010\Projects\FaceRecognition\Debug\FaceRecognition.exe not found or not built by the last incremental link; performing full link
         FaceRecognition.vcxproj -> C:\Users\Keith\documents\visual studio 2010\Projects\FaceRecognition\Debug\FaceRecognition.exe
       Manifest:
         C:\Program Files\Microsoft SDKs\Windows\v7.0A\bin\mt.exe /nologo /verbose /outputresource:"C:\Users\Keith\documents\visual studio 2010\Projects\FaceRecognition\Debug\FaceRecognition.exe;#1" /manifest Debug\FaceRecognition.exe.intermediate.manifest
       FinalizeBuildStatus:
         Deleting file "Debug\FaceRecognition.unsuccessfulbuild".
         Touching "Debug\FaceRecognition.lastbuildstate".
     1>Done Building Project "C:\Users\Keith\documents\visual studio 2010\Projects\FaceRecognition\FaceRecognition\FaceRecognition.vcxproj" (build target(s)).

Build succeeded.

Time Elapsed 00:00:03.02
